{
  "RSpec": {
    "coverage": {
      "C:/Users/Ikmich/Documents/Vagrant/workspace/Bucketlists/test/controllers/lists_controller_test.rb": [
        1,
        null,
        1,
        1,
        0,
        0,
        null,
        null,
        null,
        0,
        0,
        0,
        0,
        null,
        null,
        1,
        0,
        0,
        null,
        null,
        null,
        0,
        0,
        0,
        0,
        null,
        null,
        1,
        0,
        0,
        null,
        null,
        0,
        0,
        null,
        null,
        1,
        0,
        0,
        0,
        null,
        null,
        0,
        0,
        0,
        0,
        null,
        null,
        1,
        0,
        0,
        0,
        null,
        null,
        0,
        0,
        0,
        0,
        null,
        null,
        null,
        null,
        null,
        null,
        null,
        null,
        null,
        null,
        null,
        null,
        null,
        null,
        null,
        null,
        null,
        null,
        null,
        null,
        null,
        null,
        null,
        null,
        null,
        null
      ],
      "C:/Users/Ikmich/Documents/Vagrant/workspace/Bucketlists/test/controllers/users_controller_test.rb": [
        1,
        null,
        1,
        1,
        0,
        null,
        null,
        null,
        0,
        0,
        0,
        0,
        null,
        null,
        1,
        0,
        null,
        null,
        0,
        0,
        0,
        0,
        null,
        null,
        1,
        0,
        null,
        null,
        0,
        0,
        0,
        0,
        null,
        null,
        1,
        0,
        null,
        null,
        0,
        0,
        0,
        0,
        null,
        null,
        1,
        0,
        null,
        null,
        0,
        0,
        0,
        0,
        null,
        null,
        1,
        0,
        null,
        null,
        0,
        0,
        0,
        0,
        null,
        null
      ],
      "C:/Users/Ikmich/Documents/Vagrant/workspace/Bucketlists/test/models/item_test.rb": [
        1,
        null,
        1,
        null,
        null,
        null,
        null
      ],
      "C:/Users/Ikmich/Documents/Vagrant/workspace/Bucketlists/test/models/list_test.rb": [
        1,
        null,
        1,
        null,
        null,
        null,
        null
      ],
      "C:/Users/Ikmich/Documents/Vagrant/workspace/Bucketlists/test/models/user_test.rb": [
        1,
        null,
        1,
        null,
        null,
        null,
        null
      ]
    },
    "timestamp": 1450707585
  }
}
