{
  "RSpec": {
    "coverage": {
      "C:/Users/Ikmich/Documents/Vagrant/workspace/Bucketlists/test/controllers/items_controller_test.rb": [
        1,
        null,
        1,
        1,
        1,
        1,
        null,
        null,
        null,
        1,
        1,
        1,
        1,
        null,
        null,
        1,
        1,
        1,
        null,
        null,
        null,
        1,
        1,
        1,
        1,
        null,
        null,
        1,
        1,
        1,
        null,
        null,
        null,
        1,
        1,
        1,
        1,
        null,
        null,
        1,
        1,
        1,
        null,
        null,
        null,
        1,
        1,
        1,
        1,
        null,
        null,
        1,
        1,
        1,
        null,
        null,
        1,
        1,
        1,
        1,
        null,
        null,
        1,
        1,
        1,
        null,
        null,
        1,
        1,
        1,
        1,
        null,
        null,
        1,
        1,
        1,
        null,
        null,
        1,
        1,
        1,
        1,
        null,
        null,
        1,
        1,
        1,
        null,
        null,
        1,
        1,
        1,
        1,
        null,
        null
      ],
      "C:/Users/Ikmich/Documents/Vagrant/workspace/Bucketlists/test/controllers/lists_controller_test.rb": [
        1,
        null,
        1,
        1,
        1,
        1,
        null,
        null,
        null,
        1,
        1,
        1,
        1,
        null,
        null,
        1,
        1,
        1,
        null,
        null,
        null,
        1,
        1,
        1,
        1,
        null,
        null,
        1,
        1,
        1,
        null,
        null,
        1,
        1,
        null,
        null,
        1,
        1,
        1,
        1,
        null,
        null,
        1,
        1,
        1,
        1,
        null,
        null,
        1,
        1,
        1,
        1,
        null,
        null,
        1,
        1,
        1,
        1,
        null,
        null,
        1,
        1,
        1,
        1,
        null,
        null,
        1,
        1,
        1,
        1,
        null,
        null,
        1,
        1,
        1,
        1,
        null,
        null,
        1,
        1,
        1,
        1,
        null,
        null
      ],
      "C:/Users/Ikmich/Documents/Vagrant/workspace/Bucketlists/test/controllers/users_controller_test.rb": [
        1,
        null,
        1,
        1,
        1,
        null,
        null,
        null,
        1,
        1,
        1,
        1,
        null,
        null,
        1,
        1,
        null,
        null,
        1,
        1,
        1,
        1,
        null,
        null,
        1,
        1,
        null,
        null,
        1,
        1,
        1,
        1,
        null,
        null,
        1,
        1,
        null,
        null,
        1,
        1,
        1,
        1,
        null,
        null,
        1,
        1,
        null,
        null,
        1,
        1,
        1,
        1,
        null,
        null,
        1,
        1,
        null,
        null,
        1,
        1,
        1,
        1,
        null,
        null
      ],
      "C:/Users/Ikmich/Documents/Vagrant/workspace/Bucketlists/test/models/item_test.rb": [
        1,
        null,
        1,
        null,
        null,
        null,
        null
      ],
      "C:/Users/Ikmich/Documents/Vagrant/workspace/Bucketlists/test/models/list_test.rb": [
        1,
        null,
        1,
        null,
        null,
        null,
        null
      ],
      "C:/Users/Ikmich/Documents/Vagrant/workspace/Bucketlists/test/models/user_test.rb": [
        1,
        null,
        1,
        null,
        null,
        null,
        null
      ],
      "C:/Users/Ikmich/Documents/Vagrant/workspace/Bucketlists/app/models/user.rb": [
        1,
        1,
        1,
        1,
        null,
        1,
        1,
        1,
        null,
        null,
        1,
        null
      ],
      "C:/Users/Ikmich/Documents/Vagrant/workspace/Bucketlists/app/controllers/api/v1/auth_controller.rb": [
        1,
        1,
        null,
        1,
        23,
        23,
        21,
        21,
        21,
        null,
        21,
        null,
        2,
        2,
        null,
        null,
        null,
        1,
        1,
        1,
        1,
        1,
        1,
        null,
        null,
        1,
        null,
        1,
        68,
        null,
        null
      ],
      "C:/Users/Ikmich/Documents/Vagrant/workspace/Bucketlists/app/controllers/application_controller.rb": [
        1,
        null,
        1,
        1,
        21,
        21,
        21,
        21,
        21,
        null,
        21,
        0,
        0,
        null,
        null,
        null,
        1,
        60,
        null,
        null
      ],
      "C:/Users/Ikmich/Documents/Vagrant/workspace/Bucketlists/app/controllers/api/auth_token.rb": [
        1,
        1,
        1,
        22,
        22,
        null,
        null,
        1,
        21,
        21,
        21,
        null,
        0,
        null,
        null,
        null
      ],
      "C:/Users/Ikmich/Documents/Vagrant/workspace/Bucketlists/app/serializers/user_serializer.rb": [
        1,
        1,
        null,
        null,
        null
      ],
      "C:/Users/Ikmich/Documents/Vagrant/workspace/Bucketlists/app/models/list.rb": [
        1,
        1,
        1,
        1,
        null
      ],
      "C:/Users/Ikmich/Documents/Vagrant/workspace/Bucketlists/app/controllers/api/v1/lists_controller.rb": [
        1,
        1,
        1,
        null,
        1,
        2,
        1,
        null,
        1,
        null,
        2,
        2,
        null,
        null,
        1,
        2,
        2,
        2,
        1,
        null,
        1,
        null,
        null,
        null,
        1,
        1,
        1,
        1,
        null,
        0,
        null,
        null,
        null,
        1,
        1,
        1,
        1,
        null,
        0,
        null,
        1,
        1,
        null,
        0,
        null,
        null,
        null,
        1,
        1,
        1,
        1,
        1,
        1,
        null,
        null,
        null,
        1,
        null,
        1,
        8,
        null,
        null
      ],
      "C:/Users/Ikmich/Documents/Vagrant/workspace/Bucketlists/app/controllers/api/paginate.rb": [
        1,
        1,
        1,
        2,
        2,
        null,
        null,
        1,
        2,
        2,
        2,
        null,
        null,
        1,
        2,
        2,
        0,
        0,
        null,
        0,
        null,
        null,
        null,
        1,
        2,
        null,
        null,
        null
      ],
      "C:/Users/Ikmich/Documents/Vagrant/workspace/Bucketlists/app/serializers/list_serializer.rb": [
        1,
        1,
        1,
        null,
        1,
        3,
        null,
        null,
        1,
        3,
        null,
        null,
        1,
        3,
        null,
        null
      ],
      "C:/Users/Ikmich/Documents/Vagrant/workspace/Bucketlists/app/models/item.rb": [
        1,
        1,
        1,
        1,
        null
      ],
      "C:/Users/Ikmich/Documents/Vagrant/workspace/Bucketlists/app/controllers/api/v1/items_controller.rb": [
        1,
        1,
        1,
        null,
        1,
        1,
        1,
        null,
        null,
        1,
        8,
        8,
        8,
        7,
        null,
        1,
        null,
        null,
        null,
        1,
        2,
        2,
        1,
        null,
        1,
        null,
        null,
        null,
        1,
        1,
        1,
        1,
        null,
        null,
        1,
        1,
        1,
        1,
        null,
        null,
        1,
        null,
        1,
        13,
        null,
        null,
        1,
        10,
        null,
        null
      ],
      "C:/Users/Ikmich/Documents/Vagrant/workspace/Bucketlists/app/serializers/item_serializer.rb": [
        1,
        1,
        null,
        1,
        10,
        null,
        null,
        1,
        10,
        null,
        null
      ],
      "C:/Users/Ikmich/Documents/Vagrant/workspace/Bucketlists/app/controllers/api/v1/users_controller.rb": [
        1,
        1,
        null,
        1,
        6,
        6,
        1,
        1,
        null,
        5,
        5,
        null,
        null,
        null,
        1,
        null,
        1,
        12,
        null,
        null
      ]
    },
    "timestamp": 1450788012
  }
}
